[2021-12-12 14:03:48] local.ERROR: Command "cache:clean" is not defined.

Did you mean one of these?
    cache:clear
    cache:forget
    cache:table
    config:clear
    event:clear
    optimize:clear
    queue:clear
    route:clear
    view:clear {"exception":"[object] (Symfony\\Component\\Console\\Exception\\CommandNotFoundException(code: 0): Command \"cache:clean\" is not defined.

Did you mean one of these?
    cache:clear
    cache:forget
    cache:table
    config:clear
    event:clear
    optimize:clear
    queue:clear
    route:clear
    view:clear at /var/www/backend/vendor/symfony/console/Application.php:709)
[stacktrace]
#0 /var/www/backend/vendor/symfony/console/Application.php(259): Symfony\\Component\\Console\\Application->find()
#1 /var/www/backend/vendor/symfony/console/Application.php(171): Symfony\\Component\\Console\\Application->doRun()
#2 /var/www/backend/vendor/laravel/framework/src/Illuminate/Console/Application.php(94): Symfony\\Component\\Console\\Application->run()
#3 /var/www/backend/vendor/laravel/framework/src/Illuminate/Foundation/Console/Kernel.php(129): Illuminate\\Console\\Application->run()
#4 /var/www/backend/artisan(37): Illuminate\\Foundation\\Console\\Kernel->handle()
#5 {main}
"} 
